mode: set
github.com/mbertschler/bunny/pkg/data/states_string.go:11.36,12.54 1 0
github.com/mbertschler/bunny/pkg/data/states_string.go:15.2,15.67 1 0
github.com/mbertschler/bunny/pkg/data/states_string.go:12.54,14.3 1 0
github.com/mbertschler/bunny/pkg/data/states_string.go:22.37,23.56 1 0
github.com/mbertschler/bunny/pkg/data/states_string.go:26.2,26.70 1 0
github.com/mbertschler/bunny/pkg/data/states_string.go:23.56,25.3 1 0
github.com/mbertschler/bunny/pkg/data/data.go:25.13,28.2 2 1
github.com/mbertschler/bunny/pkg/data/data.go:30.22,80.2 16 1
github.com/mbertschler/bunny/pkg/data/data.go:137.37,141.2 3 1
github.com/mbertschler/bunny/pkg/data/data.go:143.47,147.2 3 1
github.com/mbertschler/bunny/pkg/data/data.go:149.29,151.2 1 1
github.com/mbertschler/bunny/pkg/data/data.go:153.34,155.2 1 1
github.com/mbertschler/bunny/pkg/data/data.go:157.38,162.2 1 1
github.com/mbertschler/bunny/pkg/data/data.go:164.39,169.2 1 1
github.com/mbertschler/bunny/pkg/data/data.go:171.38,178.2 1 1
github.com/mbertschler/bunny/pkg/data/data.go:180.39,188.2 1 1
github.com/mbertschler/bunny/pkg/data/data.go:190.38,197.2 1 1
github.com/mbertschler/bunny/pkg/data/data.go:199.39,206.2 1 1
github.com/mbertschler/bunny/pkg/data/data.go:208.30,213.2 4 1
github.com/mbertschler/bunny/pkg/data/data.go:215.48,217.2 1 0
github.com/mbertschler/bunny/pkg/data/data.go:219.47,221.2 1 0
github.com/mbertschler/bunny/pkg/data/data.go:223.53,225.2 1 1
github.com/mbertschler/bunny/pkg/data/data.go:227.31,229.2 1 1
github.com/mbertschler/bunny/pkg/data/data.go:231.39,234.16 3 1
github.com/mbertschler/bunny/pkg/data/data.go:237.2,237.26 1 1
github.com/mbertschler/bunny/pkg/data/data.go:240.2,240.17 1 1
github.com/mbertschler/bunny/pkg/data/data.go:234.16,236.3 1 1
github.com/mbertschler/bunny/pkg/data/data.go:237.26,239.3 1 1
github.com/mbertschler/bunny/pkg/data/data.go:243.49,246.16 3 1
github.com/mbertschler/bunny/pkg/data/data.go:249.2,249.26 1 1
github.com/mbertschler/bunny/pkg/data/data.go:252.2,252.17 1 1
github.com/mbertschler/bunny/pkg/data/data.go:246.16,248.3 1 1
github.com/mbertschler/bunny/pkg/data/data.go:249.26,251.3 1 1
github.com/mbertschler/bunny/pkg/data/data.go:255.45,258.16 3 1
github.com/mbertschler/bunny/pkg/data/data.go:261.2,261.25 1 1
github.com/mbertschler/bunny/pkg/data/data.go:274.2,274.17 1 1
github.com/mbertschler/bunny/pkg/data/data.go:258.16,260.3 1 1
github.com/mbertschler/bunny/pkg/data/data.go:261.25,262.30 1 1
github.com/mbertschler/bunny/pkg/data/data.go:263.17,265.21 2 1
github.com/mbertschler/bunny/pkg/data/data.go:266.19,267.49 1 1
github.com/mbertschler/bunny/pkg/data/data.go:268.19,269.49 1 1
github.com/mbertschler/bunny/pkg/data/data.go:270.19,271.49 1 1
github.com/mbertschler/bunny/pkg/data/data.go:277.53,279.2 1 1
github.com/mbertschler/bunny/pkg/data/data.go:281.59,283.2 1 1
github.com/mbertschler/bunny/pkg/data/data.go:285.37,289.2 3 1
github.com/mbertschler/bunny/pkg/data/data.go:291.29,293.2 1 1
github.com/mbertschler/bunny/pkg/data/data.go:295.34,297.2 1 1
github.com/mbertschler/bunny/pkg/data/data.go:299.34,301.2 1 1
github.com/mbertschler/bunny/pkg/data/data.go:303.37,307.2 3 1
